{
  "stats": {
    "suites": 1,
    "tests": 1,
    "passes": 0,
    "pending": 0,
    "failures": 1,
    "start": "2022-09-28T00:48:19.169Z",
    "end": "2022-09-28T00:48:31.126Z",
    "duration": 11957,
    "testsRegistered": 1,
    "passPercent": 0,
    "pendingPercent": 0,
    "other": 0,
    "hasOther": false,
    "skipped": 0,
    "hasSkipped": false
  },
  "results": [
    {
      "uuid": "4bf4b1d4-cd2d-489b-b8e0-aeffdbb1c4ac",
      "title": "",
      "fullFile": "cypress/integration/firstTest.spec.js",
      "file": "cypress/integration/firstTest.spec.js",
      "beforeHooks": [],
      "afterHooks": [],
      "tests": [],
      "suites": [
        {
          "uuid": "7094d74e-cafb-449e-858c-2aa8bb116aac",
          "title": "Test with backend",
          "fullFile": "",
          "file": "",
          "beforeHooks": [],
          "afterHooks": [],
          "tests": [
            {
              "title": "delete a new article in a global feed",
              "fullTitle": "Test with backend delete a new article in a global feed",
              "timedOut": null,
              "duration": 2690,
              "state": "failed",
              "speed": null,
              "pass": false,
              "fail": true,
              "pending": false,
              "context": null,
              "code": "cy.intercept(\"DELETE\", \"https://api.realworld.io/api/articles/*\", () => {}).as(\"deleteArticles\");\n/*         const userCredentials = {\n            \"user\": {\n                \"email\": \"abmael@mail.com\",\n                \"password\": \"123456\"\n            }\n        } */\nconst bodyRequest = {\n  \"article\": {\n    \"tagList\": [],\n    \"title\": \"Request from API\",\n    \"description\": \"API description from API\",\n    \"body\": \"Angular is cool\"\n  }\n};\ncy.get('@token').then(token => {\n  //explained on class 31\n  //const token = body.user.token\n  cy.request({\n    url: Cypress.env('apiURL') + 'api/articles/',\n    headers: {\n      'Authorization': 'Token '\n    },\n    method: 'POST',\n    body: bodyRequest\n  }).then(response => {\n    expect(response.status).to.equal(200);\n  });\n  cy.contains('Global Feed').click();\n  cy.get('.article-preview').first().click();\n  cy.get('.article-actions').contains('Delete Article').click();\n  cy.wait(\"@deleteArticles\");\n  cy.request({\n    url: Cypress.env('apiURL') + 'api/articles?limit=10&offset=0',\n    headers: {\n      'Authorization': 'Token ' + token\n    },\n    method: 'GET'\n  }).its('body').then(body => {\n    console.log('AQUI!!!! ' + body.articles[0].title);\n    expect(body.articles[0].title).not.to.equal(\"Request from API\");\n  });\n});",
              "err": {
                "message": "CypressError: `cy.request()` failed on:\n\nhttps://api.realworld.io/api/articles/\n\nThe response we received from your web server was:\n\n  > 401: Unauthorized\n\nThis was considered a failure because the status code was not `2xx` or `3xx`.\n\nIf you do not want status codes to cause failures pass the option: `failOnStatusCode: false`\n\n-----------------------------------------------------------\n\nThe request we sent was:\n\nMethod: POST\nURL: https://api.realworld.io/api/articles/\nHeaders: {\n  \"Connection\": \"keep-alive\",\n  \"Authorization\": \"Token \",\n  \"user-agent\": \"Mozilla/5.0 (Macintosh; Intel Mac OS X 10_15_7) AppleWebKit/537.36 (KHTML, like Gecko) Cypress/10.7.0 Chrome/102.0.5005.148 Electron/19.0.8 Safari/537.36\",\n  \"accept\": \"*/*\",\n  \"accept-encoding\": \"gzip, deflate\",\n  \"content-type\": \"application/json\",\n  \"content-length\": 119\n}\nBody: {\"article\":{\"tagList\":[],\"title\":\"Request from API\",\"description\":\"API description from API\",\"body\":\"Angular is cool\"}}\n\n-----------------------------------------------------------\n\nThe response we got was:\n\nStatus: 401 - Unauthorized\nHeaders: {\n  \"date\": \"Wed, 28 Sep 2022 00:48:30 GMT\",\n  \"content-type\": \"application/json; charset=utf-8\",\n  \"content-length\": \"64\",\n  \"connection\": \"keep-alive\",\n  \"x-powered-by\": \"Express\",\n  \"access-control-allow-origin\": \"*\",\n  \"etag\": \"W/\\\"40-MzpzbITdb69gTCj5BHAcyuxi2c0\\\"\",\n  \"via\": \"1.1 vegur\",\n  \"cf-cache-status\": \"DYNAMIC\",\n  \"report-to\": \"{\\\"endpoints\\\":[{\\\"url\\\":\\\"https:\\\\/\\\\/a.nel.cloudflare.com\\\\/report\\\\/v3?s=RwBApB4NWJumrUpPjmw0AG3QdvZOXL6wJ2%2BURi7OsHm6uL%2FGjPbf6%2B74X2%2B53ZWF5EeiD%2BH5ES1OhdpvMnkwXLhlWeUVrIJA9qLrP%2Bl4gxBG7Cyaz7nIfCoUr0pPzv127zdmXQBY6zJzxOM%2FmDEk\\\"}],\\\"group\\\":\\\"cf-nel\\\",\\\"max_age\\\":604800}\",\n  \"nel\": \"{\\\"success_fraction\\\":0,\\\"report_to\\\":\\\"cf-nel\\\",\\\"max_age\\\":604800}\",\n  \"server\": \"cloudflare\",\n  \"cf-ray\": \"7518794d2d32e861-EWR\",\n  \"alt-svc\": \"h3=\\\":443\\\"; ma=86400, h3-29=\\\":443\\\"; ma=86400\"\n}\nBody: {\n  \"status\": \"error\",\n  \"message\": \"missing authorization credentials\"\n}\n\n\nhttps://on.cypress.io/request",
                "estack": "CypressError: `cy.request()` failed on:\n\nhttps://api.realworld.io/api/articles/\n\nThe response we received from your web server was:\n\n  > 401: Unauthorized\n\nThis was considered a failure because the status code was not `2xx` or `3xx`.\n\nIf you do not want status codes to cause failures pass the option: `failOnStatusCode: false`\n\n-----------------------------------------------------------\n\nThe request we sent was:\n\nMethod: POST\nURL: https://api.realworld.io/api/articles/\nHeaders: {\n  \"Connection\": \"keep-alive\",\n  \"Authorization\": \"Token \",\n  \"user-agent\": \"Mozilla/5.0 (Macintosh; Intel Mac OS X 10_15_7) AppleWebKit/537.36 (KHTML, like Gecko) Cypress/10.7.0 Chrome/102.0.5005.148 Electron/19.0.8 Safari/537.36\",\n  \"accept\": \"*/*\",\n  \"accept-encoding\": \"gzip, deflate\",\n  \"content-type\": \"application/json\",\n  \"content-length\": 119\n}\nBody: {\"article\":{\"tagList\":[],\"title\":\"Request from API\",\"description\":\"API description from API\",\"body\":\"Angular is cool\"}}\n\n-----------------------------------------------------------\n\nThe response we got was:\n\nStatus: 401 - Unauthorized\nHeaders: {\n  \"date\": \"Wed, 28 Sep 2022 00:48:30 GMT\",\n  \"content-type\": \"application/json; charset=utf-8\",\n  \"content-length\": \"64\",\n  \"connection\": \"keep-alive\",\n  \"x-powered-by\": \"Express\",\n  \"access-control-allow-origin\": \"*\",\n  \"etag\": \"W/\\\"40-MzpzbITdb69gTCj5BHAcyuxi2c0\\\"\",\n  \"via\": \"1.1 vegur\",\n  \"cf-cache-status\": \"DYNAMIC\",\n  \"report-to\": \"{\\\"endpoints\\\":[{\\\"url\\\":\\\"https:\\\\/\\\\/a.nel.cloudflare.com\\\\/report\\\\/v3?s=RwBApB4NWJumrUpPjmw0AG3QdvZOXL6wJ2%2BURi7OsHm6uL%2FGjPbf6%2B74X2%2B53ZWF5EeiD%2BH5ES1OhdpvMnkwXLhlWeUVrIJA9qLrP%2Bl4gxBG7Cyaz7nIfCoUr0pPzv127zdmXQBY6zJzxOM%2FmDEk\\\"}],\\\"group\\\":\\\"cf-nel\\\",\\\"max_age\\\":604800}\",\n  \"nel\": \"{\\\"success_fraction\\\":0,\\\"report_to\\\":\\\"cf-nel\\\",\\\"max_age\\\":604800}\",\n  \"server\": \"cloudflare\",\n  \"cf-ray\": \"7518794d2d32e861-EWR\",\n  \"alt-svc\": \"h3=\\\":443\\\"; ma=86400, h3-29=\\\":443\\\"; ma=86400\"\n}\nBody: {\n  \"status\": \"error\",\n  \"message\": \"missing authorization credentials\"\n}\n\n\nhttps://on.cypress.io/request\n    at http://localhost:4200/__cypress/runner/cypress_runner.js:143948:80\n    at tryCatcher (http://localhost:4200/__cypress/runner/cypress_runner.js:11318:23)\n    at Promise._settlePromiseFromHandler (http://localhost:4200/__cypress/runner/cypress_runner.js:9253:31)\n    at Promise._settlePromise (http://localhost:4200/__cypress/runner/cypress_runner.js:9310:18)\n    at Promise._settlePromise0 (http://localhost:4200/__cypress/runner/cypress_runner.js:9355:10)\n    at Promise._settlePromises (http://localhost:4200/__cypress/runner/cypress_runner.js:9435:18)\n    at _drainQueueStep (http://localhost:4200/__cypress/runner/cypress_runner.js:6025:12)\n    at _drainQueue (http://localhost:4200/__cypress/runner/cypress_runner.js:6018:9)\n    at ../../node_modules/bluebird/js/release/async.js.Async._drainQueues (http://localhost:4200/__cypress/runner/cypress_runner.js:6034:5)\n    at Async.drainQueues (http://localhost:4200/__cypress/runner/cypress_runner.js:5904:14)\nFrom Your Spec Code:\n    at Context.eval (http://localhost:4200/__cypress/tests?p=cypress/integration/firstTest.spec.js:198:10)",
                "diff": null
              },
              "uuid": "0abed638-336c-442c-ab81-30e74607d650",
              "parentUUID": "7094d74e-cafb-449e-858c-2aa8bb116aac",
              "isHook": false,
              "skipped": false
            }
          ],
          "suites": [],
          "passes": [],
          "failures": [
            "0abed638-336c-442c-ab81-30e74607d650"
          ],
          "pending": [],
          "skipped": [],
          "duration": 2690,
          "root": false,
          "rootEmpty": false,
          "_timeout": 2000
        }
      ],
      "passes": [],
      "failures": [],
      "pending": [],
      "skipped": [],
      "duration": 0,
      "root": true,
      "rootEmpty": true,
      "_timeout": 2000
    }
  ],
  "meta": {
    "mocha": {
      "version": "7.0.1"
    },
    "mochawesome": {
      "options": {
        "quiet": false,
        "reportFilename": "mochawesome",
        "saveHtml": false,
        "saveJson": true,
        "consoleReporter": "spec",
        "useInlineDiffs": false,
        "code": true
      },
      "version": "7.1.3"
    },
    "marge": {
      "options": {
        "id": "default",
        "reportDir": "cypress/results/mochawesome",
        "overwrite": false,
        "html": false,
        "json": true
      },
      "version": "6.2.0"
    }
  }
}